<?xml version="1.0" encoding="UTF-8"?>
<testsuite xmlns:xsi="http://www.w3.org/2001/XMLSchema-instance" xsi:noNamespaceSchemaLocation="https://maven.apache.org/surefire/maven-surefire-plugin/xsd/surefire-test-report-3.0.xsd" version="3.0" name="RunFile.mainClass" time="0.01" tests="0" errors="0" skipped="0" failures="0">
  <properties>
    <property name="java.specification.version" value="23"/>
    <property name="sun.cpu.isalist" value="amd64"/>
    <property name="sun.jnu.encoding" value="Cp1252"/>
    <property name="java.class.path" value="D:\Aniket\Automation\Project-2\WhatsappAI\target\test-classes;D:\Aniket\Automation\Project-2\WhatsappAI\target\classes;C:\Users\Aniket Satpute\.m2\repository\org\seleniumhq\selenium\selenium-java\4.34.0\selenium-java-4.34.0.jar;C:\Users\Aniket Satpute\.m2\repository\org\seleniumhq\selenium\selenium-api\4.34.0\selenium-api-4.34.0.jar;C:\Users\Aniket Satpute\.m2\repository\org\seleniumhq\selenium\selenium-chrome-driver\4.34.0\selenium-chrome-driver-4.34.0.jar;C:\Users\Aniket Satpute\.m2\repository\com\google\auto\service\auto-service-annotations\1.1.1\auto-service-annotations-1.1.1.jar;C:\Users\Aniket Satpute\.m2\repository\org\seleniumhq\selenium\selenium-chromium-driver\4.34.0\selenium-chromium-driver-4.34.0.jar;C:\Users\Aniket Satpute\.m2\repository\org\seleniumhq\selenium\selenium-json\4.34.0\selenium-json-4.34.0.jar;C:\Users\Aniket Satpute\.m2\repository\org\seleniumhq\selenium\selenium-manager\4.34.0\selenium-manager-4.34.0.jar;C:\Users\Aniket Satpute\.m2\repository\org\seleniumhq\selenium\selenium-devtools-v136\4.34.0\selenium-devtools-v136-4.34.0.jar;C:\Users\Aniket Satpute\.m2\repository\org\seleniumhq\selenium\selenium-devtools-v137\4.34.0\selenium-devtools-v137-4.34.0.jar;C:\Users\Aniket Satpute\.m2\repository\org\seleniumhq\selenium\selenium-devtools-v138\4.34.0\selenium-devtools-v138-4.34.0.jar;C:\Users\Aniket Satpute\.m2\repository\org\seleniumhq\selenium\selenium-edge-driver\4.34.0\selenium-edge-driver-4.34.0.jar;C:\Users\Aniket Satpute\.m2\repository\org\seleniumhq\selenium\selenium-firefox-driver\4.34.0\selenium-firefox-driver-4.34.0.jar;C:\Users\Aniket Satpute\.m2\repository\org\seleniumhq\selenium\selenium-http\4.34.0\selenium-http-4.34.0.jar;C:\Users\Aniket Satpute\.m2\repository\org\seleniumhq\selenium\selenium-ie-driver\4.34.0\selenium-ie-driver-4.34.0.jar;C:\Users\Aniket Satpute\.m2\repository\org\seleniumhq\selenium\selenium-remote-driver\4.34.0\selenium-remote-driver-4.34.0.jar;C:\Users\Aniket Satpute\.m2\repository\com\google\guava\guava\33.4.8-jre\guava-33.4.8-jre.jar;C:\Users\Aniket Satpute\.m2\repository\com\google\guava\failureaccess\1.0.3\failureaccess-1.0.3.jar;C:\Users\Aniket Satpute\.m2\repository\com\google\guava\listenablefuture\9999.0-empty-to-avoid-conflict-with-guava\listenablefuture-9999.0-empty-to-avoid-conflict-with-guava.jar;C:\Users\Aniket Satpute\.m2\repository\io\opentelemetry\opentelemetry-api\1.51.0\opentelemetry-api-1.51.0.jar;C:\Users\Aniket Satpute\.m2\repository\io\opentelemetry\opentelemetry-context\1.51.0\opentelemetry-context-1.51.0.jar;C:\Users\Aniket Satpute\.m2\repository\io\opentelemetry\opentelemetry-exporter-logging\1.51.0\opentelemetry-exporter-logging-1.51.0.jar;C:\Users\Aniket Satpute\.m2\repository\io\opentelemetry\opentelemetry-sdk-common\1.51.0\opentelemetry-sdk-common-1.51.0.jar;C:\Users\Aniket Satpute\.m2\repository\io\opentelemetry\opentelemetry-sdk-extension-autoconfigure-spi\1.51.0\opentelemetry-sdk-extension-autoconfigure-spi-1.51.0.jar;C:\Users\Aniket Satpute\.m2\repository\io\opentelemetry\opentelemetry-sdk-extension-autoconfigure\1.51.0\opentelemetry-sdk-extension-autoconfigure-1.51.0.jar;C:\Users\Aniket Satpute\.m2\repository\io\opentelemetry\opentelemetry-sdk-trace\1.51.0\opentelemetry-sdk-trace-1.51.0.jar;C:\Users\Aniket Satpute\.m2\repository\io\opentelemetry\opentelemetry-sdk\1.51.0\opentelemetry-sdk-1.51.0.jar;C:\Users\Aniket Satpute\.m2\repository\io\opentelemetry\opentelemetry-sdk-metrics\1.51.0\opentelemetry-sdk-metrics-1.51.0.jar;C:\Users\Aniket Satpute\.m2\repository\io\opentelemetry\opentelemetry-sdk-logs\1.51.0\opentelemetry-sdk-logs-1.51.0.jar;C:\Users\Aniket Satpute\.m2\repository\net\bytebuddy\byte-buddy\1.17.6\byte-buddy-1.17.6.jar;C:\Users\Aniket Satpute\.m2\repository\org\seleniumhq\selenium\selenium-os\4.34.0\selenium-os-4.34.0.jar;C:\Users\Aniket Satpute\.m2\repository\org\apache\commons\commons-exec\1.5.0\commons-exec-1.5.0.jar;C:\Users\Aniket Satpute\.m2\repository\org\seleniumhq\selenium\selenium-safari-driver\4.34.0\selenium-safari-driver-4.34.0.jar;C:\Users\Aniket Satpute\.m2\repository\org\seleniumhq\selenium\selenium-support\4.34.0\selenium-support-4.34.0.jar;C:\Users\Aniket Satpute\.m2\repository\com\theokanning\openai-gpt3-java\client\0.14.0\client-0.14.0.jar;C:\Users\Aniket Satpute\.m2\repository\com\theokanning\openai-gpt3-java\api\0.14.0\api-0.14.0.jar;C:\Users\Aniket Satpute\.m2\repository\com\fasterxml\jackson\core\jackson-annotations\2.14.2\jackson-annotations-2.14.2.jar;C:\Users\Aniket Satpute\.m2\repository\com\squareup\retrofit2\retrofit\2.9.0\retrofit-2.9.0.jar;C:\Users\Aniket Satpute\.m2\repository\com\squareup\okhttp3\okhttp\3.14.9\okhttp-3.14.9.jar;C:\Users\Aniket Satpute\.m2\repository\com\squareup\okio\okio\1.17.2\okio-1.17.2.jar;C:\Users\Aniket Satpute\.m2\repository\com\squareup\retrofit2\adapter-rxjava2\2.9.0\adapter-rxjava2-2.9.0.jar;C:\Users\Aniket Satpute\.m2\repository\io\reactivex\rxjava2\rxjava\2.0.0\rxjava-2.0.0.jar;C:\Users\Aniket Satpute\.m2\repository\org\reactivestreams\reactive-streams\1.0.3\reactive-streams-1.0.3.jar;C:\Users\Aniket Satpute\.m2\repository\com\squareup\retrofit2\converter-jackson\2.9.0\converter-jackson-2.9.0.jar;C:\Users\Aniket Satpute\.m2\repository\com\google\genai\google-genai\1.0.0\google-genai-1.0.0.jar;C:\Users\Aniket Satpute\.m2\repository\com\google\auth\google-auth-library-oauth2-http\1.30.1\google-auth-library-oauth2-http-1.30.1.jar;C:\Users\Aniket Satpute\.m2\repository\com\google\auto\value\auto-value-annotations\1.11.0\auto-value-annotations-1.11.0.jar;C:\Users\Aniket Satpute\.m2\repository\com\google\code\findbugs\jsr305\3.0.2\jsr305-3.0.2.jar;C:\Users\Aniket Satpute\.m2\repository\com\google\auth\google-auth-library-credentials\1.30.1\google-auth-library-credentials-1.30.1.jar;C:\Users\Aniket Satpute\.m2\repository\com\google\http-client\google-http-client\1.45.2\google-http-client-1.45.2.jar;C:\Users\Aniket Satpute\.m2\repository\io\grpc\grpc-context\1.68.2\grpc-context-1.68.2.jar;C:\Users\Aniket Satpute\.m2\repository\io\grpc\grpc-api\1.68.2\grpc-api-1.68.2.jar;C:\Users\Aniket Satpute\.m2\repository\io\opencensus\opencensus-api\0.31.1\opencensus-api-0.31.1.jar;C:\Users\Aniket Satpute\.m2\repository\io\opencensus\opencensus-contrib-http-util\0.31.1\opencensus-contrib-http-util-0.31.1.jar;C:\Users\Aniket Satpute\.m2\repository\com\google\http-client\google-http-client-gson\1.45.2\google-http-client-gson-1.45.2.jar;C:\Users\Aniket Satpute\.m2\repository\com\google\code\gson\gson\2.11.0\gson-2.11.0.jar;C:\Users\Aniket Satpute\.m2\repository\com\google\errorprone\error_prone_annotations\2.36.0\error_prone_annotations-2.36.0.jar;C:\Users\Aniket Satpute\.m2\repository\org\apache\httpcomponents\httpclient\4.5.14\httpclient-4.5.14.jar;C:\Users\Aniket Satpute\.m2\repository\commons-logging\commons-logging\1.2\commons-logging-1.2.jar;C:\Users\Aniket Satpute\.m2\repository\org\apache\httpcomponents\httpcore\4.4.16\httpcore-4.4.16.jar;C:\Users\Aniket Satpute\.m2\repository\com\google\auto\value\auto-value\1.11.0\auto-value-1.11.0.jar;C:\Users\Aniket Satpute\.m2\repository\com\google\api\api-common\2.42.1\api-common-2.42.1.jar;C:\Users\Aniket Satpute\.m2\repository\javax\annotation\javax.annotation-api\1.3.2\javax.annotation-api-1.3.2.jar;C:\Users\Aniket Satpute\.m2\repository\com\google\j2objc\j2objc-annotations\3.0.0\j2objc-annotations-3.0.0.jar;C:\Users\Aniket Satpute\.m2\repository\com\fasterxml\jackson\core\jackson-databind\2.17.2\jackson-databind-2.17.2.jar;C:\Users\Aniket Satpute\.m2\repository\com\fasterxml\jackson\core\jackson-core\2.17.2\jackson-core-2.17.2.jar;C:\Users\Aniket Satpute\.m2\repository\com\fasterxml\jackson\datatype\jackson-datatype-jdk8\2.17.2\jackson-datatype-jdk8-2.17.2.jar;C:\Users\Aniket Satpute\.m2\repository\com\fasterxml\jackson\datatype\jackson-datatype-jsr310\2.17.2\jackson-datatype-jsr310-2.17.2.jar;C:\Users\Aniket Satpute\.m2\repository\org\java-websocket\Java-WebSocket\1.6.0\Java-WebSocket-1.6.0.jar;C:\Users\Aniket Satpute\.m2\repository\org\jspecify\jspecify\1.0.0\jspecify-1.0.0.jar;C:\Users\Aniket Satpute\.m2\repository\org\json\json\20240303\json-20240303.jar;C:\Users\Aniket Satpute\.m2\repository\io\rest-assured\rest-assured\5.3.0\rest-assured-5.3.0.jar;C:\Users\Aniket Satpute\.m2\repository\org\apache\groovy\groovy\4.0.6\groovy-4.0.6.jar;C:\Users\Aniket Satpute\.m2\repository\org\apache\groovy\groovy-xml\4.0.6\groovy-xml-4.0.6.jar;C:\Users\Aniket Satpute\.m2\repository\org\apache\httpcomponents\httpmime\4.5.13\httpmime-4.5.13.jar;C:\Users\Aniket Satpute\.m2\repository\org\hamcrest\hamcrest\2.1\hamcrest-2.1.jar;C:\Users\Aniket Satpute\.m2\repository\org\ccil\cowan\tagsoup\tagsoup\1.2.1\tagsoup-1.2.1.jar;C:\Users\Aniket Satpute\.m2\repository\io\rest-assured\json-path\5.3.0\json-path-5.3.0.jar;C:\Users\Aniket Satpute\.m2\repository\org\apache\groovy\groovy-json\4.0.6\groovy-json-4.0.6.jar;C:\Users\Aniket Satpute\.m2\repository\io\rest-assured\rest-assured-common\5.3.0\rest-assured-common-5.3.0.jar;C:\Users\Aniket Satpute\.m2\repository\io\rest-assured\xml-path\5.3.0\xml-path-5.3.0.jar;C:\Users\Aniket Satpute\.m2\repository\edu\stanford\nlp\stanford-corenlp\4.5.7\stanford-corenlp-4.5.7.jar;C:\Users\Aniket Satpute\.m2\repository\com\apple\AppleJavaExtensions\1.4\AppleJavaExtensions-1.4.jar;C:\Users\Aniket Satpute\.m2\repository\de\jollyday\jollyday\0.4.9\jollyday-0.4.9.jar;C:\Users\Aniket Satpute\.m2\repository\org\apache\commons\commons-lang3\3.3.1\commons-lang3-3.3.1.jar;C:\Users\Aniket Satpute\.m2\repository\org\apache\lucene\lucene-queryparser\7.5.0\lucene-queryparser-7.5.0.jar;C:\Users\Aniket Satpute\.m2\repository\org\apache\lucene\lucene-queries\7.5.0\lucene-queries-7.5.0.jar;C:\Users\Aniket Satpute\.m2\repository\org\apache\lucene\lucene-sandbox\7.5.0\lucene-sandbox-7.5.0.jar;C:\Users\Aniket Satpute\.m2\repository\org\apache\lucene\lucene-analyzers-common\7.5.0\lucene-analyzers-common-7.5.0.jar;C:\Users\Aniket Satpute\.m2\repository\org\apache\lucene\lucene-core\7.5.0\lucene-core-7.5.0.jar;C:\Users\Aniket Satpute\.m2\repository\jakarta\servlet\jakarta.servlet-api\4.0.4\jakarta.servlet-api-4.0.4.jar;C:\Users\Aniket Satpute\.m2\repository\xom\xom\1.3.9\xom-1.3.9.jar;C:\Users\Aniket Satpute\.m2\repository\xerces\xercesImpl\2.12.2\xercesImpl-2.12.2.jar;C:\Users\Aniket Satpute\.m2\repository\xml-apis\xml-apis\1.4.01\xml-apis-1.4.01.jar;C:\Users\Aniket Satpute\.m2\repository\xalan\xalan\2.7.3\xalan-2.7.3.jar;C:\Users\Aniket Satpute\.m2\repository\xalan\serializer\2.7.3\serializer-2.7.3.jar;C:\Users\Aniket Satpute\.m2\repository\joda-time\joda-time\2.10.5\joda-time-2.10.5.jar;C:\Users\Aniket Satpute\.m2\repository\org\ejml\ejml-core\0.39\ejml-core-0.39.jar;C:\Users\Aniket Satpute\.m2\repository\org\ejml\ejml-ddense\0.39\ejml-ddense-0.39.jar;C:\Users\Aniket Satpute\.m2\repository\org\ejml\ejml-simple\0.39\ejml-simple-0.39.jar;C:\Users\Aniket Satpute\.m2\repository\org\ejml\ejml-fdense\0.39\ejml-fdense-0.39.jar;C:\Users\Aniket Satpute\.m2\repository\org\ejml\ejml-cdense\0.39\ejml-cdense-0.39.jar;C:\Users\Aniket Satpute\.m2\repository\org\ejml\ejml-zdense\0.39\ejml-zdense-0.39.jar;C:\Users\Aniket Satpute\.m2\repository\org\ejml\ejml-dsparse\0.39\ejml-dsparse-0.39.jar;C:\Users\Aniket Satpute\.m2\repository\org\ejml\ejml-fsparse\0.39\ejml-fsparse-0.39.jar;C:\Users\Aniket Satpute\.m2\repository\org\glassfish\javax.json\1.0.4\javax.json-1.0.4.jar;C:\Users\Aniket Satpute\.m2\repository\org\slf4j\slf4j-api\1.7.12\slf4j-api-1.7.12.jar;C:\Users\Aniket Satpute\.m2\repository\com\google\protobuf\protobuf-java\3.19.6\protobuf-java-3.19.6.jar;C:\Users\Aniket Satpute\.m2\repository\javax\activation\javax.activation-api\1.2.0\javax.activation-api-1.2.0.jar;C:\Users\Aniket Satpute\.m2\repository\javax\xml\bind\jaxb-api\2.4.0-b180830.0359\jaxb-api-2.4.0-b180830.0359.jar;C:\Users\Aniket Satpute\.m2\repository\com\sun\istack\istack-commons-runtime\3.0.7\istack-commons-runtime-3.0.7.jar;C:\Users\Aniket Satpute\.m2\repository\com\sun\xml\bind\jaxb-impl\2.4.0-b180830.0438\jaxb-impl-2.4.0-b180830.0438.jar;C:\Users\Aniket Satpute\.m2\repository\edu\stanford\nlp\stanford-corenlp\4.5.7\stanford-corenlp-4.5.7-models.jar;C:\Users\Aniket Satpute\.m2\repository\org\slf4j\slf4j-simple\2.0.12\slf4j-simple-2.0.12.jar;C:\Users\Aniket Satpute\.m2\repository\org\apache\poi\poi\5.2.5\poi-5.2.5.jar;C:\Users\Aniket Satpute\.m2\repository\commons-codec\commons-codec\1.16.0\commons-codec-1.16.0.jar;C:\Users\Aniket Satpute\.m2\repository\org\apache\commons\commons-collections4\4.4\commons-collections4-4.4.jar;C:\Users\Aniket Satpute\.m2\repository\org\apache\commons\commons-math3\3.6.1\commons-math3-3.6.1.jar;C:\Users\Aniket Satpute\.m2\repository\commons-io\commons-io\2.15.0\commons-io-2.15.0.jar;C:\Users\Aniket Satpute\.m2\repository\com\zaxxer\SparseBitSet\1.3\SparseBitSet-1.3.jar;C:\Users\Aniket Satpute\.m2\repository\org\apache\poi\poi-ooxml\5.2.5\poi-ooxml-5.2.5.jar;C:\Users\Aniket Satpute\.m2\repository\org\apache\poi\poi-ooxml-lite\5.2.5\poi-ooxml-lite-5.2.5.jar;C:\Users\Aniket Satpute\.m2\repository\org\apache\xmlbeans\xmlbeans\5.2.0\xmlbeans-5.2.0.jar;C:\Users\Aniket Satpute\.m2\repository\org\apache\commons\commons-compress\1.25.0\commons-compress-1.25.0.jar;C:\Users\Aniket Satpute\.m2\repository\com\github\virtuald\curvesapi\1.08\curvesapi-1.08.jar;C:\Users\Aniket Satpute\.m2\repository\org\apache\logging\log4j\log4j-core\2.23.1\log4j-core-2.23.1.jar;C:\Users\Aniket Satpute\.m2\repository\org\apache\logging\log4j\log4j-api\2.23.1\log4j-api-2.23.1.jar;C:\Users\Aniket Satpute\.m2\repository\org\openpnp\opencv\4.9.0-0\opencv-4.9.0-0.jar;C:\Users\Aniket Satpute\.m2\repository\com\sun\mail\jakarta.mail\2.0.1\jakarta.mail-2.0.1.jar;C:\Users\Aniket Satpute\.m2\repository\com\sun\activation\jakarta.activation\2.0.1\jakarta.activation-2.0.1.jar;"/>
    <property name="java.vm.vendor" value="Oracle Corporation"/>
    <property name="sun.arch.data.model" value="64"/>
    <property name="user.variant" value=""/>
    <property name="java.vendor.url" value="https://java.oracle.com/"/>
    <property name="user.timezone" value="Asia/Calcutta"/>
    <property name="os.name" value="Windows 11"/>
    <property name="java.vm.specification.version" value="23"/>
    <property name="sun.java.launcher" value="SUN_STANDARD"/>
    <property name="user.country" value="IN"/>
    <property name="sun.boot.library.path" value="C:\Program Files\Java\jdk-23\bin"/>
    <property name="sun.java.command" value="C:\Users\Aniket Satpute\AppData\Local\Temp\surefire6595732845290980976\surefirebooter-20250914051156478_3.jar C:\Users\Aniket Satpute\AppData\Local\Temp\surefire6595732845290980976 2025-09-14T05-11-55_917-jvmRun1 surefire-20250914051156478_1tmp surefire_0-20250914051156478_2tmp"/>
    <property name="jdk.debug" value="release"/>
    <property name="test" value="RunFile.mainClass"/>
    <property name="surefire.test.class.path" value="D:\Aniket\Automation\Project-2\WhatsappAI\target\test-classes;D:\Aniket\Automation\Project-2\WhatsappAI\target\classes;C:\Users\Aniket Satpute\.m2\repository\org\seleniumhq\selenium\selenium-java\4.34.0\selenium-java-4.34.0.jar;C:\Users\Aniket Satpute\.m2\repository\org\seleniumhq\selenium\selenium-api\4.34.0\selenium-api-4.34.0.jar;C:\Users\Aniket Satpute\.m2\repository\org\seleniumhq\selenium\selenium-chrome-driver\4.34.0\selenium-chrome-driver-4.34.0.jar;C:\Users\Aniket Satpute\.m2\repository\com\google\auto\service\auto-service-annotations\1.1.1\auto-service-annotations-1.1.1.jar;C:\Users\Aniket Satpute\.m2\repository\org\seleniumhq\selenium\selenium-chromium-driver\4.34.0\selenium-chromium-driver-4.34.0.jar;C:\Users\Aniket Satpute\.m2\repository\org\seleniumhq\selenium\selenium-json\4.34.0\selenium-json-4.34.0.jar;C:\Users\Aniket Satpute\.m2\repository\org\seleniumhq\selenium\selenium-manager\4.34.0\selenium-manager-4.34.0.jar;C:\Users\Aniket Satpute\.m2\repository\org\seleniumhq\selenium\selenium-devtools-v136\4.34.0\selenium-devtools-v136-4.34.0.jar;C:\Users\Aniket Satpute\.m2\repository\org\seleniumhq\selenium\selenium-devtools-v137\4.34.0\selenium-devtools-v137-4.34.0.jar;C:\Users\Aniket Satpute\.m2\repository\org\seleniumhq\selenium\selenium-devtools-v138\4.34.0\selenium-devtools-v138-4.34.0.jar;C:\Users\Aniket Satpute\.m2\repository\org\seleniumhq\selenium\selenium-edge-driver\4.34.0\selenium-edge-driver-4.34.0.jar;C:\Users\Aniket Satpute\.m2\repository\org\seleniumhq\selenium\selenium-firefox-driver\4.34.0\selenium-firefox-driver-4.34.0.jar;C:\Users\Aniket Satpute\.m2\repository\org\seleniumhq\selenium\selenium-http\4.34.0\selenium-http-4.34.0.jar;C:\Users\Aniket Satpute\.m2\repository\org\seleniumhq\selenium\selenium-ie-driver\4.34.0\selenium-ie-driver-4.34.0.jar;C:\Users\Aniket Satpute\.m2\repository\org\seleniumhq\selenium\selenium-remote-driver\4.34.0\selenium-remote-driver-4.34.0.jar;C:\Users\Aniket Satpute\.m2\repository\com\google\guava\guava\33.4.8-jre\guava-33.4.8-jre.jar;C:\Users\Aniket Satpute\.m2\repository\com\google\guava\failureaccess\1.0.3\failureaccess-1.0.3.jar;C:\Users\Aniket Satpute\.m2\repository\com\google\guava\listenablefuture\9999.0-empty-to-avoid-conflict-with-guava\listenablefuture-9999.0-empty-to-avoid-conflict-with-guava.jar;C:\Users\Aniket Satpute\.m2\repository\io\opentelemetry\opentelemetry-api\1.51.0\opentelemetry-api-1.51.0.jar;C:\Users\Aniket Satpute\.m2\repository\io\opentelemetry\opentelemetry-context\1.51.0\opentelemetry-context-1.51.0.jar;C:\Users\Aniket Satpute\.m2\repository\io\opentelemetry\opentelemetry-exporter-logging\1.51.0\opentelemetry-exporter-logging-1.51.0.jar;C:\Users\Aniket Satpute\.m2\repository\io\opentelemetry\opentelemetry-sdk-common\1.51.0\opentelemetry-sdk-common-1.51.0.jar;C:\Users\Aniket Satpute\.m2\repository\io\opentelemetry\opentelemetry-sdk-extension-autoconfigure-spi\1.51.0\opentelemetry-sdk-extension-autoconfigure-spi-1.51.0.jar;C:\Users\Aniket Satpute\.m2\repository\io\opentelemetry\opentelemetry-sdk-extension-autoconfigure\1.51.0\opentelemetry-sdk-extension-autoconfigure-1.51.0.jar;C:\Users\Aniket Satpute\.m2\repository\io\opentelemetry\opentelemetry-sdk-trace\1.51.0\opentelemetry-sdk-trace-1.51.0.jar;C:\Users\Aniket Satpute\.m2\repository\io\opentelemetry\opentelemetry-sdk\1.51.0\opentelemetry-sdk-1.51.0.jar;C:\Users\Aniket Satpute\.m2\repository\io\opentelemetry\opentelemetry-sdk-metrics\1.51.0\opentelemetry-sdk-metrics-1.51.0.jar;C:\Users\Aniket Satpute\.m2\repository\io\opentelemetry\opentelemetry-sdk-logs\1.51.0\opentelemetry-sdk-logs-1.51.0.jar;C:\Users\Aniket Satpute\.m2\repository\net\bytebuddy\byte-buddy\1.17.6\byte-buddy-1.17.6.jar;C:\Users\Aniket Satpute\.m2\repository\org\seleniumhq\selenium\selenium-os\4.34.0\selenium-os-4.34.0.jar;C:\Users\Aniket Satpute\.m2\repository\org\apache\commons\commons-exec\1.5.0\commons-exec-1.5.0.jar;C:\Users\Aniket Satpute\.m2\repository\org\seleniumhq\selenium\selenium-safari-driver\4.34.0\selenium-safari-driver-4.34.0.jar;C:\Users\Aniket Satpute\.m2\repository\org\seleniumhq\selenium\selenium-support\4.34.0\selenium-support-4.34.0.jar;C:\Users\Aniket Satpute\.m2\repository\com\theokanning\openai-gpt3-java\client\0.14.0\client-0.14.0.jar;C:\Users\Aniket Satpute\.m2\repository\com\theokanning\openai-gpt3-java\api\0.14.0\api-0.14.0.jar;C:\Users\Aniket Satpute\.m2\repository\com\fasterxml\jackson\core\jackson-annotations\2.14.2\jackson-annotations-2.14.2.jar;C:\Users\Aniket Satpute\.m2\repository\com\squareup\retrofit2\retrofit\2.9.0\retrofit-2.9.0.jar;C:\Users\Aniket Satpute\.m2\repository\com\squareup\okhttp3\okhttp\3.14.9\okhttp-3.14.9.jar;C:\Users\Aniket Satpute\.m2\repository\com\squareup\okio\okio\1.17.2\okio-1.17.2.jar;C:\Users\Aniket Satpute\.m2\repository\com\squareup\retrofit2\adapter-rxjava2\2.9.0\adapter-rxjava2-2.9.0.jar;C:\Users\Aniket Satpute\.m2\repository\io\reactivex\rxjava2\rxjava\2.0.0\rxjava-2.0.0.jar;C:\Users\Aniket Satpute\.m2\repository\org\reactivestreams\reactive-streams\1.0.3\reactive-streams-1.0.3.jar;C:\Users\Aniket Satpute\.m2\repository\com\squareup\retrofit2\converter-jackson\2.9.0\converter-jackson-2.9.0.jar;C:\Users\Aniket Satpute\.m2\repository\com\google\genai\google-genai\1.0.0\google-genai-1.0.0.jar;C:\Users\Aniket Satpute\.m2\repository\com\google\auth\google-auth-library-oauth2-http\1.30.1\google-auth-library-oauth2-http-1.30.1.jar;C:\Users\Aniket Satpute\.m2\repository\com\google\auto\value\auto-value-annotations\1.11.0\auto-value-annotations-1.11.0.jar;C:\Users\Aniket Satpute\.m2\repository\com\google\code\findbugs\jsr305\3.0.2\jsr305-3.0.2.jar;C:\Users\Aniket Satpute\.m2\repository\com\google\auth\google-auth-library-credentials\1.30.1\google-auth-library-credentials-1.30.1.jar;C:\Users\Aniket Satpute\.m2\repository\com\google\http-client\google-http-client\1.45.2\google-http-client-1.45.2.jar;C:\Users\Aniket Satpute\.m2\repository\io\grpc\grpc-context\1.68.2\grpc-context-1.68.2.jar;C:\Users\Aniket Satpute\.m2\repository\io\grpc\grpc-api\1.68.2\grpc-api-1.68.2.jar;C:\Users\Aniket Satpute\.m2\repository\io\opencensus\opencensus-api\0.31.1\opencensus-api-0.31.1.jar;C:\Users\Aniket Satpute\.m2\repository\io\opencensus\opencensus-contrib-http-util\0.31.1\opencensus-contrib-http-util-0.31.1.jar;C:\Users\Aniket Satpute\.m2\repository\com\google\http-client\google-http-client-gson\1.45.2\google-http-client-gson-1.45.2.jar;C:\Users\Aniket Satpute\.m2\repository\com\google\code\gson\gson\2.11.0\gson-2.11.0.jar;C:\Users\Aniket Satpute\.m2\repository\com\google\errorprone\error_prone_annotations\2.36.0\error_prone_annotations-2.36.0.jar;C:\Users\Aniket Satpute\.m2\repository\org\apache\httpcomponents\httpclient\4.5.14\httpclient-4.5.14.jar;C:\Users\Aniket Satpute\.m2\repository\commons-logging\commons-logging\1.2\commons-logging-1.2.jar;C:\Users\Aniket Satpute\.m2\repository\org\apache\httpcomponents\httpcore\4.4.16\httpcore-4.4.16.jar;C:\Users\Aniket Satpute\.m2\repository\com\google\auto\value\auto-value\1.11.0\auto-value-1.11.0.jar;C:\Users\Aniket Satpute\.m2\repository\com\google\api\api-common\2.42.1\api-common-2.42.1.jar;C:\Users\Aniket Satpute\.m2\repository\javax\annotation\javax.annotation-api\1.3.2\javax.annotation-api-1.3.2.jar;C:\Users\Aniket Satpute\.m2\repository\com\google\j2objc\j2objc-annotations\3.0.0\j2objc-annotations-3.0.0.jar;C:\Users\Aniket Satpute\.m2\repository\com\fasterxml\jackson\core\jackson-databind\2.17.2\jackson-databind-2.17.2.jar;C:\Users\Aniket Satpute\.m2\repository\com\fasterxml\jackson\core\jackson-core\2.17.2\jackson-core-2.17.2.jar;C:\Users\Aniket Satpute\.m2\repository\com\fasterxml\jackson\datatype\jackson-datatype-jdk8\2.17.2\jackson-datatype-jdk8-2.17.2.jar;C:\Users\Aniket Satpute\.m2\repository\com\fasterxml\jackson\datatype\jackson-datatype-jsr310\2.17.2\jackson-datatype-jsr310-2.17.2.jar;C:\Users\Aniket Satpute\.m2\repository\org\java-websocket\Java-WebSocket\1.6.0\Java-WebSocket-1.6.0.jar;C:\Users\Aniket Satpute\.m2\repository\org\jspecify\jspecify\1.0.0\jspecify-1.0.0.jar;C:\Users\Aniket Satpute\.m2\repository\org\json\json\20240303\json-20240303.jar;C:\Users\Aniket Satpute\.m2\repository\io\rest-assured\rest-assured\5.3.0\rest-assured-5.3.0.jar;C:\Users\Aniket Satpute\.m2\repository\org\apache\groovy\groovy\4.0.6\groovy-4.0.6.jar;C:\Users\Aniket Satpute\.m2\repository\org\apache\groovy\groovy-xml\4.0.6\groovy-xml-4.0.6.jar;C:\Users\Aniket Satpute\.m2\repository\org\apache\httpcomponents\httpmime\4.5.13\httpmime-4.5.13.jar;C:\Users\Aniket Satpute\.m2\repository\org\hamcrest\hamcrest\2.1\hamcrest-2.1.jar;C:\Users\Aniket Satpute\.m2\repository\org\ccil\cowan\tagsoup\tagsoup\1.2.1\tagsoup-1.2.1.jar;C:\Users\Aniket Satpute\.m2\repository\io\rest-assured\json-path\5.3.0\json-path-5.3.0.jar;C:\Users\Aniket Satpute\.m2\repository\org\apache\groovy\groovy-json\4.0.6\groovy-json-4.0.6.jar;C:\Users\Aniket Satpute\.m2\repository\io\rest-assured\rest-assured-common\5.3.0\rest-assured-common-5.3.0.jar;C:\Users\Aniket Satpute\.m2\repository\io\rest-assured\xml-path\5.3.0\xml-path-5.3.0.jar;C:\Users\Aniket Satpute\.m2\repository\edu\stanford\nlp\stanford-corenlp\4.5.7\stanford-corenlp-4.5.7.jar;C:\Users\Aniket Satpute\.m2\repository\com\apple\AppleJavaExtensions\1.4\AppleJavaExtensions-1.4.jar;C:\Users\Aniket Satpute\.m2\repository\de\jollyday\jollyday\0.4.9\jollyday-0.4.9.jar;C:\Users\Aniket Satpute\.m2\repository\org\apache\commons\commons-lang3\3.3.1\commons-lang3-3.3.1.jar;C:\Users\Aniket Satpute\.m2\repository\org\apache\lucene\lucene-queryparser\7.5.0\lucene-queryparser-7.5.0.jar;C:\Users\Aniket Satpute\.m2\repository\org\apache\lucene\lucene-queries\7.5.0\lucene-queries-7.5.0.jar;C:\Users\Aniket Satpute\.m2\repository\org\apache\lucene\lucene-sandbox\7.5.0\lucene-sandbox-7.5.0.jar;C:\Users\Aniket Satpute\.m2\repository\org\apache\lucene\lucene-analyzers-common\7.5.0\lucene-analyzers-common-7.5.0.jar;C:\Users\Aniket Satpute\.m2\repository\org\apache\lucene\lucene-core\7.5.0\lucene-core-7.5.0.jar;C:\Users\Aniket Satpute\.m2\repository\jakarta\servlet\jakarta.servlet-api\4.0.4\jakarta.servlet-api-4.0.4.jar;C:\Users\Aniket Satpute\.m2\repository\xom\xom\1.3.9\xom-1.3.9.jar;C:\Users\Aniket Satpute\.m2\repository\xerces\xercesImpl\2.12.2\xercesImpl-2.12.2.jar;C:\Users\Aniket Satpute\.m2\repository\xml-apis\xml-apis\1.4.01\xml-apis-1.4.01.jar;C:\Users\Aniket Satpute\.m2\repository\xalan\xalan\2.7.3\xalan-2.7.3.jar;C:\Users\Aniket Satpute\.m2\repository\xalan\serializer\2.7.3\serializer-2.7.3.jar;C:\Users\Aniket Satpute\.m2\repository\joda-time\joda-time\2.10.5\joda-time-2.10.5.jar;C:\Users\Aniket Satpute\.m2\repository\org\ejml\ejml-core\0.39\ejml-core-0.39.jar;C:\Users\Aniket Satpute\.m2\repository\org\ejml\ejml-ddense\0.39\ejml-ddense-0.39.jar;C:\Users\Aniket Satpute\.m2\repository\org\ejml\ejml-simple\0.39\ejml-simple-0.39.jar;C:\Users\Aniket Satpute\.m2\repository\org\ejml\ejml-fdense\0.39\ejml-fdense-0.39.jar;C:\Users\Aniket Satpute\.m2\repository\org\ejml\ejml-cdense\0.39\ejml-cdense-0.39.jar;C:\Users\Aniket Satpute\.m2\repository\org\ejml\ejml-zdense\0.39\ejml-zdense-0.39.jar;C:\Users\Aniket Satpute\.m2\repository\org\ejml\ejml-dsparse\0.39\ejml-dsparse-0.39.jar;C:\Users\Aniket Satpute\.m2\repository\org\ejml\ejml-fsparse\0.39\ejml-fsparse-0.39.jar;C:\Users\Aniket Satpute\.m2\repository\org\glassfish\javax.json\1.0.4\javax.json-1.0.4.jar;C:\Users\Aniket Satpute\.m2\repository\org\slf4j\slf4j-api\1.7.12\slf4j-api-1.7.12.jar;C:\Users\Aniket Satpute\.m2\repository\com\google\protobuf\protobuf-java\3.19.6\protobuf-java-3.19.6.jar;C:\Users\Aniket Satpute\.m2\repository\javax\activation\javax.activation-api\1.2.0\javax.activation-api-1.2.0.jar;C:\Users\Aniket Satpute\.m2\repository\javax\xml\bind\jaxb-api\2.4.0-b180830.0359\jaxb-api-2.4.0-b180830.0359.jar;C:\Users\Aniket Satpute\.m2\repository\com\sun\istack\istack-commons-runtime\3.0.7\istack-commons-runtime-3.0.7.jar;C:\Users\Aniket Satpute\.m2\repository\com\sun\xml\bind\jaxb-impl\2.4.0-b180830.0438\jaxb-impl-2.4.0-b180830.0438.jar;C:\Users\Aniket Satpute\.m2\repository\edu\stanford\nlp\stanford-corenlp\4.5.7\stanford-corenlp-4.5.7-models.jar;C:\Users\Aniket Satpute\.m2\repository\org\slf4j\slf4j-simple\2.0.12\slf4j-simple-2.0.12.jar;C:\Users\Aniket Satpute\.m2\repository\org\apache\poi\poi\5.2.5\poi-5.2.5.jar;C:\Users\Aniket Satpute\.m2\repository\commons-codec\commons-codec\1.16.0\commons-codec-1.16.0.jar;C:\Users\Aniket Satpute\.m2\repository\org\apache\commons\commons-collections4\4.4\commons-collections4-4.4.jar;C:\Users\Aniket Satpute\.m2\repository\org\apache\commons\commons-math3\3.6.1\commons-math3-3.6.1.jar;C:\Users\Aniket Satpute\.m2\repository\commons-io\commons-io\2.15.0\commons-io-2.15.0.jar;C:\Users\Aniket Satpute\.m2\repository\com\zaxxer\SparseBitSet\1.3\SparseBitSet-1.3.jar;C:\Users\Aniket Satpute\.m2\repository\org\apache\poi\poi-ooxml\5.2.5\poi-ooxml-5.2.5.jar;C:\Users\Aniket Satpute\.m2\repository\org\apache\poi\poi-ooxml-lite\5.2.5\poi-ooxml-lite-5.2.5.jar;C:\Users\Aniket Satpute\.m2\repository\org\apache\xmlbeans\xmlbeans\5.2.0\xmlbeans-5.2.0.jar;C:\Users\Aniket Satpute\.m2\repository\org\apache\commons\commons-compress\1.25.0\commons-compress-1.25.0.jar;C:\Users\Aniket Satpute\.m2\repository\com\github\virtuald\curvesapi\1.08\curvesapi-1.08.jar;C:\Users\Aniket Satpute\.m2\repository\org\apache\logging\log4j\log4j-core\2.23.1\log4j-core-2.23.1.jar;C:\Users\Aniket Satpute\.m2\repository\org\apache\logging\log4j\log4j-api\2.23.1\log4j-api-2.23.1.jar;C:\Users\Aniket Satpute\.m2\repository\org\openpnp\opencv\4.9.0-0\opencv-4.9.0-0.jar;C:\Users\Aniket Satpute\.m2\repository\com\sun\mail\jakarta.mail\2.0.1\jakarta.mail-2.0.1.jar;C:\Users\Aniket Satpute\.m2\repository\com\sun\activation\jakarta.activation\2.0.1\jakarta.activation-2.0.1.jar;"/>
    <property name="sun.cpu.endian" value="little"/>
    <property name="user.home" value="C:\Users\Aniket Satpute"/>
    <property name="user.language" value="en"/>
    <property name="java.specification.vendor" value="Oracle Corporation"/>
    <property name="java.version.date" value="2024-10-15"/>
    <property name="java.home" value="C:\Program Files\Java\jdk-23"/>
    <property name="file.separator" value="\"/>
    <property name="basedir" value="D:\Aniket\Automation\Project-2\WhatsappAI"/>
    <property name="java.vm.compressedOopsMode" value="Zero based"/>
    <property name="line.separator" value="&#10;"/>
    <property name="java.vm.specification.vendor" value="Oracle Corporation"/>
    <property name="java.specification.name" value="Java Platform API Specification"/>
    <property name="surefire.real.class.path" value="C:\Users\Aniket Satpute\AppData\Local\Temp\surefire6595732845290980976\surefirebooter-20250914051156478_3.jar"/>
    <property name="user.script" value=""/>
    <property name="sun.management.compiler" value="HotSpot 64-Bit Tiered Compilers"/>
    <property name="java.runtime.version" value="23.0.1+11-39"/>
    <property name="user.name" value="Aniket Satpute"/>
    <property name="stdout.encoding" value="Cp1252"/>
    <property name="path.separator" value=";"/>
    <property name="os.version" value="10.0"/>
    <property name="java.runtime.name" value="Java(TM) SE Runtime Environment"/>
    <property name="file.encoding" value="UTF-8"/>
    <property name="java.vm.name" value="Java HotSpot(TM) 64-Bit Server VM"/>
    <property name="localRepository" value="C:\Users\Aniket Satpute\.m2\repository"/>
    <property name="java.vendor.url.bug" value="https://bugreport.java.com/bugreport/"/>
    <property name="java.io.tmpdir" value="C:\Users\ANIKET~1\AppData\Local\Temp\"/>
    <property name="java.version" value="23.0.1"/>
    <property name="user.dir" value="D:\Aniket\Automation\Project-2\WhatsappAI"/>
    <property name="os.arch" value="amd64"/>
    <property name="java.vm.specification.name" value="Java Virtual Machine Specification"/>
    <property name="sun.os.patch.level" value=""/>
    <property name="native.encoding" value="Cp1252"/>
    <property name="java.library.path" value="C:\Program Files\Java\jdk-23\bin;C:\Windows\Sun\Java\bin;C:\Windows\system32;C:\Windows;C:\Python313\Scripts\;C:\Python313\;C:\Program Files\Common Files\Oracle\Java\javapath;C:\Program Files (x86)\Common Files\Oracle\Java\java8path;C:\Program Files (x86)\Common Files\Oracle\Java\javapath;C:\Python312\Scripts\;C:\Python312\;C:\Windows\system32;C:\Windows;C:\Windows\System32\Wbem;C:\Windows\System32\WindowsPowerShell\v1.0\;C:\Windows\System32\OpenSSH\;C:\Program Files (x86)\NVIDIA Corporation\PhysX\Common;C:\Program Files\NVIDIA Corporation\NVIDIA NvDLISR;C:\Program Files\Microsoft SQL Server\150\Tools\Binn\;C:\Program Files\MySQL\MySQL Server 8.0\bin;C:\ProgramData\chocolatey\bin;C:\Program Files\Java\jdk-21\bin;C:\Program Files (x86)\Java\jre1.8.0_421\bin;C:\Program Files (x86)\Java\jre1.8.0_421\bin\bin;C:\Program Files\Java\jdk-23\bin;C:\Users\Aniket Satpute\OneDrive\Desktop\javapractice\Oracle_JDK-23\bin;C:\apache-maven-3.9.9-bin\apache-maven-3.9.9\bin;C:\apache-maven-3.9.9-bin\apache-maven-3.9.9\bin;C:\apache-maven-3.9.9-bin\apache-maven-3.9.9\bin;C:\Program Files\Java\jdk-23\bin;C:\Program Files\Java\jdk-23\bin;C:\Program Files\Git\cmd;C:\Program Files\Git\bin;C:\Program Files\nodejs\;C:\Users\Aniket Satpute\AppData\Roaming\npm;C:\Users\Aniket Satpute\AppData\Local\Programs\Microsoft VS Code\bin;."/>
    <property name="java.vm.info" value="mixed mode, sharing"/>
    <property name="stderr.encoding" value="Cp1252"/>
    <property name="java.vendor" value="Oracle Corporation"/>
    <property name="java.vm.version" value="23.0.1+11-39"/>
    <property name="sun.io.unicode.encoding" value="UnicodeLittle"/>
    <property name="java.class.version" value="67.0"/>
  </properties>
</testsuite>